<?xml version="1.0" encoding="UTF-8"?>
<!-- Generated by org.testng.reporters.JUnitReportReporter -->
<testsuite hostname="ERD-L328" name="runner.runner" tests="1" failures="0" timestamp="24 Feb 2021 02:47:06 GMT" time="29.659" errors="0">
  <testcase name="feature" time="29.659" classname="runner.runner"/>
</testsuite> <!-- runner.runner -->
